<?xml version="1.0" encoding="UTF-8"?>
<testsuite name="org.example.RegistrationUlilTest" tests="2" skipped="0" failures="0" errors="0" timestamp="2022-12-08T11:56:26" hostname="DESKTOP-CVBDSSG" time="0.015">
  <properties/>
  <testcase name="si_les_champs_sont_remplis()" classname="org.example.RegistrationUlilTest" time="0.014"/>
  <testcase name="si_les_champs_sont_vide()" classname="org.example.RegistrationUlilTest" time="0.001"/>
  <system-out><![CDATA[]]></system-out>
  <system-err><![CDATA[]]></system-err>
</testsuite>
